{"/Users/srb/projects/phone-to-roam-client/src/configure.ts": {"path":"/Users/srb/projects/phone-to-roam-client/src/configure.ts","statementMap":{"0":{"start":{"line":1,"column":0},"end":{"line":1,"column":57}},"1":{"start":{"line":2,"column":0},"end":{"line":2,"column":53}},"2":{"start":{"line":3,"column":0},"end":{"line":3,"column":59}},"3":{"start":{"line":4,"column":0},"end":{"line":4,"column":57}},"4":{"start":{"line":7,"column":19},"end":{"line":11,"column":2}},"5":{"start":{"line":7,"column":25},"end":{"line":11,"column":2}},"6":{"start":{"line":13,"column":33},"end":{"line":21,"column":1}},"7":{"start":{"line":14,"column":16},"end":{"line":14,"column":28}},"8":{"start":{"line":16,"column":2},"end":{"line":18,"column":null}},"9":{"start":{"line":17,"column":4},"end":{"line":17,"column":null}},"10":{"start":{"line":20,"column":2},"end":{"line":20,"column":null}},"11":{"start":{"line":13,"column":13},"end":{"line":13,"column":33}},"12":{"start":{"line":23,"column":25},"end":{"line":48,"column":1}},"13":{"start":{"line":24,"column":2},"end":{"line":47,"column":5}},"14":{"start":{"line":23,"column":13},"end":{"line":23,"column":25}}},"fnMap":{"0":{"name":"(anonymous_0)","decl":{"start":{"line":7,"column":19},"end":{"line":7,"column":22}},"loc":{"start":{"line":7,"column":25},"end":{"line":11,"column":2}}},"1":{"name":"(anonymous_1)","decl":{"start":{"line":13,"column":33},"end":{"line":13,"column":44}},"loc":{"start":{"line":13,"column":46},"end":{"line":21,"column":1}}},"2":{"name":"(anonymous_2)","decl":{"start":{"line":23,"column":25},"end":{"line":23,"column":28}},"loc":{"start":{"line":23,"column":30},"end":{"line":48,"column":1}}}},"branchMap":{"0":{"loc":{"start":{"line":16,"column":2},"end":{"line":18,"column":null}},"type":"if","locations":[{"start":{"line":16,"column":2},"end":{"line":18,"column":null}},{"start":{"line":16,"column":2},"end":{"line":18,"column":null}}]},"1":{"loc":{"start":{"line":20,"column":79},"end":{"line":20,"column":86}},"type":"cond-expr","locations":[{"start":{"line":20,"column":79},"end":{"line":20,"column":86}},{"start":{"line":20,"column":89},"end":{"line":20,"column":91}}]},"2":{"loc":{"start":{"line":20,"column":10},"end":{"line":20,"column":17}},"type":"binary-expr","locations":[{"start":{"line":20,"column":10},"end":{"line":20,"column":17}},{"start":{"line":20,"column":22},"end":{"line":20,"column":50}},{"start":{"line":20,"column":56},"end":{"line":20,"column":74}}]}},"s":{"0":0,"1":0,"2":0,"3":0,"4":0,"5":0,"6":0,"7":0,"8":0,"9":0,"10":0,"11":0,"12":0,"13":0,"14":0},"f":{"0":0,"1":0,"2":0},"b":{"0":[0,0],"1":[0,0],"2":[0,0,0]}}
,"/Users/srb/projects/phone-to-roam-client/src/constants.ts": {"path":"/Users/srb/projects/phone-to-roam-client/src/constants.ts","statementMap":{"0":{"start":{"line":2,"column":13},"end":{"line":2,"column":null}},"1":{"start":{"line":4,"column":13},"end":{"line":4,"column":24}},"2":{"start":{"line":5,"column":13},"end":{"line":5,"column":38}},"3":{"start":{"line":6,"column":13},"end":{"line":6,"column":null}},"4":{"start":{"line":7,"column":13},"end":{"line":7,"column":null}},"5":{"start":{"line":8,"column":13},"end":{"line":8,"column":null}},"6":{"start":{"line":9,"column":13},"end":{"line":9,"column":null}}},"fnMap":{},"branchMap":{},"s":{"0":1,"1":1,"2":1,"3":1,"4":1,"5":1,"6":1},"f":{},"b":{}}
,"/Users/srb/projects/phone-to-roam-client/src/entry-helpers.ts": {"path":"/Users/srb/projects/phone-to-roam-client/src/entry-helpers.ts","statementMap":{"0":{"start":{"line":1,"column":0},"end":{"line":1,"column":47}},"1":{"start":{"line":2,"column":0},"end":{"line":2,"column":59}},"2":{"start":{"line":3,"column":0},"end":{"line":3,"column":54}},"3":{"start":{"line":5,"column":13},"end":{"line":8,"column":null}}},"fnMap":{},"branchMap":{},"s":{"0":0,"1":0,"2":0,"3":0},"f":{},"b":{}}
,"/Users/srb/projects/phone-to-roam-client/src/fetch-notes.ts": {"path":"/Users/srb/projects/phone-to-roam-client/src/fetch-notes.ts","statementMap":{"0":{"start":{"line":1,"column":0},"end":{"line":1,"column":25}},"1":{"start":{"line":2,"column":0},"end":{"line":2,"column":51}},"2":{"start":{"line":3,"column":0},"end":{"line":3,"column":67}},"3":{"start":{"line":4,"column":0},"end":{"line":4,"column":41}},"4":{"start":{"line":5,"column":0},"end":{"line":5,"column":40}},"5":{"start":{"line":6,"column":0},"end":{"line":6,"column":33}},"6":{"start":{"line":7,"column":0},"end":{"line":7,"column":45}},"7":{"start":{"line":8,"column":0},"end":{"line":8,"column":50}},"8":{"start":{"line":9,"column":0},"end":{"line":9,"column":48}},"9":{"start":{"line":11,"column":13},"end":{"line":11,"column":null}},"10":{"start":{"line":13,"column":26},"end":{"line":33,"column":1}},"11":{"start":{"line":14,"column":2},"end":{"line":32,"column":null}},"12":{"start":{"line":15,"column":31},"end":{"line":15,"column":66}},"13":{"start":{"line":17,"column":4},"end":{"line":28,"column":null}},"14":{"start":{"line":18,"column":23},"end":{"line":18,"column":51}},"15":{"start":{"line":19,"column":19},"end":{"line":19,"column":54}},"16":{"start":{"line":20,"column":24},"end":{"line":20,"column":98}},"17":{"start":{"line":21,"column":33},"end":{"line":21,"column":78}},"18":{"start":{"line":23,"column":6},"end":{"line":27,"column":null}},"19":{"start":{"line":24,"column":21},"end":{"line":24,"column":48}},"20":{"start":{"line":25,"column":8},"end":{"line":25,"column":null}},"21":{"start":{"line":26,"column":8},"end":{"line":26,"column":null}},"22":{"start":{"line":30,"column":4},"end":{"line":30,"column":null}},"23":{"start":{"line":31,"column":4},"end":{"line":31,"column":null}},"24":{"start":{"line":13,"column":13},"end":{"line":13,"column":26}}},"fnMap":{"0":{"name":"(anonymous_1)","decl":{"start":{"line":13,"column":26},"end":{"line":13,"column":31}},"loc":{"start":{"line":13,"column":44},"end":{"line":33,"column":1}}},"1":{"name":"(anonymous_2)","decl":{"start":{"line":14,"column":64},"end":{"line":14,"column":69}},"loc":{"start":{"line":14,"column":78},"end":{"line":29,"column":3}}},"2":{"name":"(anonymous_3)","decl":{"start":{"line":29,"column":11},"end":{"line":29,"column":12}},"loc":{"start":{"line":29,"column":17},"end":{"line":32,"column":3}}}},"branchMap":{"0":{"loc":{"start":{"line":11,"column":57},"end":{"line":11,"column":59}},"type":"cond-expr","locations":[{"start":{"line":11,"column":57},"end":{"line":11,"column":59}},{"start":{"line":11,"column":57},"end":{"line":11,"column":75}}]},"1":{"loc":{"start":{"line":11,"column":23},"end":{"line":11,"column":59}},"type":"binary-expr","locations":[{"start":{"line":11,"column":23},"end":{"line":11,"column":59}},{"start":{"line":11,"column":57},"end":{"line":11,"column":59}}]}},"s":{"0":0,"1":0,"2":0,"3":0,"4":0,"5":0,"6":0,"7":0,"8":0,"9":0,"10":0,"11":0,"12":0,"13":0,"14":0,"15":0,"16":0,"17":0,"18":0,"19":0,"20":0,"21":0,"22":0,"23":0,"24":0},"f":{"0":0,"1":0,"2":0},"b":{"0":[0,0],"1":[0,0]}}
,"/Users/srb/projects/phone-to-roam-client/src/find-or-create-parent-uid.ts": {"path":"/Users/srb/projects/phone-to-roam-client/src/find-or-create-parent-uid.ts","statementMap":{"0":{"start":{"line":1,"column":0},"end":{"line":1,"column":55}},"1":{"start":{"line":3,"column":37},"end":{"line":24,"column":1}},"2":{"start":{"line":4,"column":19},"end":{"line":4,"column":35}},"3":{"start":{"line":5,"column":18},"end":{"line":5,"column":37}},"4":{"start":{"line":6,"column":18},"end":{"line":6,"column":118}},"5":{"start":{"line":6,"column":24},"end":{"line":6,"column":118}},"6":{"start":{"line":9,"column":2},"end":{"line":9,"column":null}},"7":{"start":{"line":9,"column":32},"end":{"line":9,"column":95}},"8":{"start":{"line":12,"column":2},"end":{"line":12,"column":null}},"9":{"start":{"line":12,"column":85},"end":{"line":12,"column":116}},"10":{"start":{"line":15,"column":19},"end":{"line":15,"column":52}},"11":{"start":{"line":16,"column":31},"end":{"line":16,"column":88}},"12":{"start":{"line":16,"column":57},"end":{"line":16,"column":87}},"13":{"start":{"line":19,"column":2},"end":{"line":19,"column":null}},"14":{"start":{"line":19,"column":40},"end":{"line":19,"column":79}},"15":{"start":{"line":22,"column":15},"end":{"line":22,"column":49}},"16":{"start":{"line":23,"column":2},"end":{"line":23,"column":null}},"17":{"start":{"line":3,"column":13},"end":{"line":3,"column":37}},"18":{"start":{"line":26,"column":13},"end":{"line":26,"column":null}},"19":{"start":{"line":27,"column":13},"end":{"line":27,"column":null}}},"fnMap":{"0":{"name":"(anonymous_0)","decl":{"start":{"line":3,"column":37},"end":{"line":3,"column":38}},"loc":{"start":{"line":3,"column":138},"end":{"line":24,"column":1}}},"1":{"name":"(anonymous_1)","decl":{"start":{"line":6,"column":18},"end":{"line":6,"column":21}},"loc":{"start":{"line":6,"column":24},"end":{"line":6,"column":118}}},"2":{"name":"(anonymous_2)","decl":{"start":{"line":16,"column":47},"end":{"line":16,"column":48}},"loc":{"start":{"line":16,"column":57},"end":{"line":16,"column":87}}}},"branchMap":{"0":{"loc":{"start":{"line":9,"column":2},"end":{"line":9,"column":null}},"type":"if","locations":[{"start":{"line":9,"column":2},"end":{"line":9,"column":null}},{"start":{"line":9,"column":2},"end":{"line":9,"column":null}}]},"1":{"loc":{"start":{"line":12,"column":2},"end":{"line":12,"column":null}},"type":"if","locations":[{"start":{"line":12,"column":2},"end":{"line":12,"column":null}},{"start":{"line":12,"column":2},"end":{"line":12,"column":null}}]},"2":{"loc":{"start":{"line":12,"column":5},"end":{"line":12,"column":17}},"type":"binary-expr","locations":[{"start":{"line":12,"column":5},"end":{"line":12,"column":17}},{"start":{"line":12,"column":21},"end":{"line":12,"column":53}},{"start":{"line":12,"column":57},"end":{"line":12,"column":81}}]},"3":{"loc":{"start":{"line":15,"column":19},"end":{"line":15,"column":46}},"type":"binary-expr","locations":[{"start":{"line":15,"column":19},"end":{"line":15,"column":46}},{"start":{"line":15,"column":50},"end":{"line":15,"column":52}}]},"4":{"loc":{"start":{"line":19,"column":2},"end":{"line":19,"column":null}},"type":"if","locations":[{"start":{"line":19,"column":2},"end":{"line":19,"column":null}},{"start":{"line":19,"column":2},"end":{"line":19,"column":null}}]}},"s":{"0":1,"1":1,"2":4,"3":4,"4":4,"5":9,"6":4,"7":1,"8":4,"9":2,"10":2,"11":2,"12":1,"13":2,"14":1,"15":1,"16":1,"17":1,"18":1,"19":1},"f":{"0":4,"1":9,"2":1},"b":{"0":[1,3],"1":[2,2],"2":[4,2,2],"3":[2,1],"4":[1,1]}}
,"/Users/srb/projects/phone-to-roam-client/src/node-maker.ts": {"path":"/Users/srb/projects/phone-to-roam-client/src/node-maker.ts","statementMap":{"0":{"start":{"line":2,"column":0},"end":{"line":2,"column":39}},"1":{"start":{"line":4,"column":25},"end":{"line":49,"column":1}},"2":{"start":{"line":5,"column":31},"end":{"line":5,"column":33}},"3":{"start":{"line":7,"column":21},"end":{"line":7,"column":44}},"4":{"start":{"line":8,"column":13},"end":{"line":8,"column":28}},"5":{"start":{"line":10,"column":2},"end":{"line":33,"column":null}},"6":{"start":{"line":11,"column":4},"end":{"line":16,"column":null}},"7":{"start":{"line":12,"column":6},"end":{"line":15,"column":null}},"8":{"start":{"line":18,"column":4},"end":{"line":26,"column":null}},"9":{"start":{"line":19,"column":16},"end":{"line":19,"column":29}},"10":{"start":{"line":20,"column":6},"end":{"line":25,"column":null}},"11":{"start":{"line":21,"column":8},"end":{"line":24,"column":null}},"12":{"start":{"line":28,"column":9},"end":{"line":33,"column":null}},"13":{"start":{"line":29,"column":4},"end":{"line":29,"column":null}},"14":{"start":{"line":30,"column":9},"end":{"line":33,"column":null}},"15":{"start":{"line":31,"column":18},"end":{"line":31,"column":85}},"16":{"start":{"line":32,"column":4},"end":{"line":32,"column":null}},"17":{"start":{"line":35,"column":2},"end":{"line":35,"column":null}},"18":{"start":{"line":36,"column":2},"end":{"line":38,"column":null}},"19":{"start":{"line":37,"column":4},"end":{"line":37,"column":null}},"20":{"start":{"line":40,"column":2},"end":{"line":46,"column":null}},"21":{"start":{"line":41,"column":4},"end":{"line":41,"column":null}},"22":{"start":{"line":42,"column":9},"end":{"line":46,"column":null}},"23":{"start":{"line":43,"column":4},"end":{"line":43,"column":null}},"24":{"start":{"line":44,"column":9},"end":{"line":46,"column":null}},"25":{"start":{"line":45,"column":4},"end":{"line":45,"column":null}},"26":{"start":{"line":48,"column":2},"end":{"line":48,"column":null}},"27":{"start":{"line":4,"column":13},"end":{"line":4,"column":25}}},"fnMap":{"0":{"name":"(anonymous_0)","decl":{"start":{"line":4,"column":25},"end":{"line":4,"column":26}},"loc":{"start":{"line":4,"column":46},"end":{"line":49,"column":1}}},"1":{"name":"(anonymous_1)","decl":{"start":{"line":18,"column":22},"end":{"line":18,"column":23}},"loc":{"start":{"line":18,"column":28},"end":{"line":26,"column":5}}}},"branchMap":{"0":{"loc":{"start":{"line":7,"column":28},"end":{"line":7,"column":30}},"type":"cond-expr","locations":[{"start":{"line":7,"column":28},"end":{"line":7,"column":30}},{"start":{"line":7,"column":21},"end":{"line":7,"column":44}}]},"1":{"loc":{"start":{"line":7,"column":21},"end":{"line":7,"column":30}},"type":"binary-expr","locations":[{"start":{"line":7,"column":21},"end":{"line":7,"column":30}},{"start":{"line":7,"column":21},"end":{"line":7,"column":30}}]},"2":{"loc":{"start":{"line":10,"column":2},"end":{"line":33,"column":null}},"type":"if","locations":[{"start":{"line":10,"column":2},"end":{"line":33,"column":null}},{"start":{"line":10,"column":2},"end":{"line":33,"column":null}}]},"3":{"loc":{"start":{"line":10,"column":15},"end":{"line":10,"column":17}},"type":"cond-expr","locations":[{"start":{"line":10,"column":15},"end":{"line":10,"column":17}},{"start":{"line":10,"column":5},"end":{"line":10,"column":27}}]},"4":{"loc":{"start":{"line":10,"column":5},"end":{"line":10,"column":17}},"type":"binary-expr","locations":[{"start":{"line":10,"column":5},"end":{"line":10,"column":17}},{"start":{"line":10,"column":5},"end":{"line":10,"column":17}}]},"5":{"loc":{"start":{"line":11,"column":4},"end":{"line":16,"column":null}},"type":"if","locations":[{"start":{"line":11,"column":4},"end":{"line":16,"column":null}},{"start":{"line":11,"column":4},"end":{"line":16,"column":null}}]},"6":{"loc":{"start":{"line":11,"column":7},"end":{"line":11,"column":27}},"type":"binary-expr","locations":[{"start":{"line":11,"column":7},"end":{"line":11,"column":27}},{"start":{"line":11,"column":31},"end":{"line":11,"column":62}}]},"7":{"loc":{"start":{"line":20,"column":6},"end":{"line":25,"column":null}},"type":"if","locations":[{"start":{"line":20,"column":6},"end":{"line":25,"column":null}},{"start":{"line":20,"column":6},"end":{"line":25,"column":null}}]},"8":{"loc":{"start":{"line":20,"column":10},"end":{"line":20,"column":12}},"type":"cond-expr","locations":[{"start":{"line":20,"column":10},"end":{"line":20,"column":12}},{"start":{"line":20,"column":9},"end":{"line":20,"column":18}}]},"9":{"loc":{"start":{"line":20,"column":9},"end":{"line":20,"column":12}},"type":"binary-expr","locations":[{"start":{"line":20,"column":9},"end":{"line":20,"column":12}},{"start":{"line":20,"column":9},"end":{"line":20,"column":12}}]},"10":{"loc":{"start":{"line":28,"column":9},"end":{"line":33,"column":null}},"type":"if","locations":[{"start":{"line":28,"column":9},"end":{"line":33,"column":null}},{"start":{"line":28,"column":9},"end":{"line":33,"column":null}}]},"11":{"loc":{"start":{"line":28,"column":23},"end":{"line":28,"column":25}},"type":"cond-expr","locations":[{"start":{"line":28,"column":23},"end":{"line":28,"column":25}},{"start":{"line":28,"column":13},"end":{"line":28,"column":35}}]},"12":{"loc":{"start":{"line":28,"column":13},"end":{"line":28,"column":25}},"type":"binary-expr","locations":[{"start":{"line":28,"column":13},"end":{"line":28,"column":25}},{"start":{"line":28,"column":13},"end":{"line":28,"column":25}}]},"13":{"loc":{"start":{"line":30,"column":9},"end":{"line":33,"column":null}},"type":"if","locations":[{"start":{"line":30,"column":9},"end":{"line":33,"column":null}},{"start":{"line":30,"column":9},"end":{"line":33,"column":null}}]},"14":{"loc":{"start":{"line":30,"column":23},"end":{"line":30,"column":25}},"type":"cond-expr","locations":[{"start":{"line":30,"column":23},"end":{"line":30,"column":25}},{"start":{"line":30,"column":13},"end":{"line":30,"column":35}}]},"15":{"loc":{"start":{"line":30,"column":13},"end":{"line":30,"column":25}},"type":"binary-expr","locations":[{"start":{"line":30,"column":13},"end":{"line":30,"column":25}},{"start":{"line":30,"column":13},"end":{"line":30,"column":25}}]},"16":{"loc":{"start":{"line":31,"column":53},"end":{"line":31,"column":65}},"type":"cond-expr","locations":[{"start":{"line":31,"column":53},"end":{"line":31,"column":65}},{"start":{"line":31,"column":68},"end":{"line":31,"column":85}}]},"17":{"loc":{"start":{"line":31,"column":38},"end":{"line":31,"column":40}},"type":"cond-expr","locations":[{"start":{"line":31,"column":38},"end":{"line":31,"column":40}},{"start":{"line":31,"column":38},"end":{"line":31,"column":46}}]},"18":{"loc":{"start":{"line":31,"column":18},"end":{"line":31,"column":40}},"type":"binary-expr","locations":[{"start":{"line":31,"column":18},"end":{"line":31,"column":40}},{"start":{"line":31,"column":38},"end":{"line":31,"column":40}}]},"19":{"loc":{"start":{"line":31,"column":30},"end":{"line":31,"column":32}},"type":"cond-expr","locations":[{"start":{"line":31,"column":30},"end":{"line":31,"column":32}},{"start":{"line":31,"column":30},"end":{"line":31,"column":38}}]},"20":{"loc":{"start":{"line":31,"column":18},"end":{"line":31,"column":32}},"type":"binary-expr","locations":[{"start":{"line":31,"column":18},"end":{"line":31,"column":32}},{"start":{"line":31,"column":30},"end":{"line":31,"column":32}}]},"21":{"loc":{"start":{"line":36,"column":2},"end":{"line":38,"column":null}},"type":"if","locations":[{"start":{"line":36,"column":2},"end":{"line":38,"column":null}},{"start":{"line":36,"column":2},"end":{"line":38,"column":null}}]},"22":{"loc":{"start":{"line":36,"column":5},"end":{"line":36,"column":12}},"type":"binary-expr","locations":[{"start":{"line":36,"column":5},"end":{"line":36,"column":12}},{"start":{"line":36,"column":17},"end":{"line":36,"column":45}},{"start":{"line":36,"column":51},"end":{"line":36,"column":69}}]},"23":{"loc":{"start":{"line":40,"column":2},"end":{"line":46,"column":null}},"type":"if","locations":[{"start":{"line":40,"column":2},"end":{"line":46,"column":null}},{"start":{"line":40,"column":2},"end":{"line":46,"column":null}}]},"24":{"loc":{"start":{"line":40,"column":12},"end":{"line":40,"column":14}},"type":"cond-expr","locations":[{"start":{"line":40,"column":12},"end":{"line":40,"column":14}},{"start":{"line":40,"column":5},"end":{"line":40,"column":25}}]},"25":{"loc":{"start":{"line":40,"column":5},"end":{"line":40,"column":14}},"type":"binary-expr","locations":[{"start":{"line":40,"column":5},"end":{"line":40,"column":14}},{"start":{"line":40,"column":5},"end":{"line":40,"column":14}}]},"26":{"loc":{"start":{"line":42,"column":9},"end":{"line":46,"column":null}},"type":"if","locations":[{"start":{"line":42,"column":9},"end":{"line":46,"column":null}},{"start":{"line":42,"column":9},"end":{"line":46,"column":null}}]},"27":{"loc":{"start":{"line":42,"column":20},"end":{"line":42,"column":22}},"type":"cond-expr","locations":[{"start":{"line":42,"column":20},"end":{"line":42,"column":22}},{"start":{"line":42,"column":13},"end":{"line":42,"column":33}}]},"28":{"loc":{"start":{"line":42,"column":13},"end":{"line":42,"column":22}},"type":"binary-expr","locations":[{"start":{"line":42,"column":13},"end":{"line":42,"column":22}},{"start":{"line":42,"column":13},"end":{"line":42,"column":22}}]},"29":{"loc":{"start":{"line":44,"column":9},"end":{"line":46,"column":null}},"type":"if","locations":[{"start":{"line":44,"column":9},"end":{"line":46,"column":null}},{"start":{"line":44,"column":9},"end":{"line":46,"column":null}}]},"30":{"loc":{"start":{"line":44,"column":20},"end":{"line":44,"column":22}},"type":"cond-expr","locations":[{"start":{"line":44,"column":20},"end":{"line":44,"column":22}},{"start":{"line":44,"column":13},"end":{"line":44,"column":33}}]},"31":{"loc":{"start":{"line":44,"column":13},"end":{"line":44,"column":22}},"type":"binary-expr","locations":[{"start":{"line":44,"column":13},"end":{"line":44,"column":22}},{"start":{"line":44,"column":13},"end":{"line":44,"column":22}}]}},"s":{"0":1,"1":1,"2":5,"3":5,"4":5,"5":5,"6":1,"7":1,"8":1,"9":4,"10":4,"11":2,"12":4,"13":1,"14":3,"15":1,"16":1,"17":5,"18":5,"19":5,"20":5,"21":1,"22":4,"23":0,"24":4,"25":0,"26":5,"27":1},"f":{"0":5,"1":4},"b":{"0":[0,5],"1":[5,5],"2":[1,4],"3":[2,3],"4":[5,5],"5":[1,0],"6":[1,1],"7":[2,2],"8":[2,2],"9":[4,4],"10":[1,3],"11":[2,2],"12":[4,4],"13":[1,2],"14":[2,1],"15":[3,3],"16":[0,1],"17":[0,1],"18":[1,1],"19":[0,1],"20":[1,1],"21":[5,0],"22":[5,5,5],"23":[1,4],"24":[0,5],"25":[5,5],"26":[0,4],"27":[0,4],"28":[4,4],"29":[0,4],"30":[0,4],"31":[4,4]}}
,"/Users/srb/projects/phone-to-roam-client/src/react-app-env.d.ts": {"path":"/Users/srb/projects/phone-to-roam-client/src/react-app-env.d.ts","statementMap":{},"fnMap":{},"branchMap":{},"s":{},"f":{},"b":{},"inputSourceMap":null}
,"/Users/srb/projects/phone-to-roam-client/src/reduce-messages.ts": {"path":"/Users/srb/projects/phone-to-roam-client/src/reduce-messages.ts","statementMap":{"0":{"start":{"line":1,"column":0},"end":{"line":1,"column":40}},"1":{"start":{"line":3,"column":30},"end":{"line":10,"column":1}},"2":{"start":{"line":4,"column":15},"end":{"line":4,"column":46}},"3":{"start":{"line":5,"column":19},"end":{"line":5,"column":35}},"4":{"start":{"line":7,"column":2},"end":{"line":7,"column":null}},"5":{"start":{"line":7,"column":39},"end":{"line":7,"column":59}},"6":{"start":{"line":8,"column":2},"end":{"line":8,"column":null}},"7":{"start":{"line":9,"column":2},"end":{"line":9,"column":null}},"8":{"start":{"line":3,"column":13},"end":{"line":3,"column":30}}},"fnMap":{"0":{"name":"(anonymous_0)","decl":{"start":{"line":3,"column":30},"end":{"line":3,"column":31}},"loc":{"start":{"line":3,"column":47},"end":{"line":10,"column":1}}}},"branchMap":{"0":{"loc":{"start":{"line":7,"column":2},"end":{"line":7,"column":null}},"type":"if","locations":[{"start":{"line":7,"column":2},"end":{"line":7,"column":null}},{"start":{"line":7,"column":2},"end":{"line":7,"column":null}}]}},"s":{"0":1,"1":1,"2":3,"3":3,"4":3,"5":2,"6":3,"7":3,"8":1},"f":{"0":3},"b":{"0":[2,1]}}
,"/Users/srb/projects/phone-to-roam-client/src/starting-order.ts": {"path":"/Users/srb/projects/phone-to-roam-client/src/starting-order.ts","statementMap":{"0":{"start":{"line":1,"column":29},"end":{"line":4,"column":1}},"1":{"start":{"line":2,"column":24},"end":{"line":2,"column":119}},"2":{"start":{"line":3,"column":2},"end":{"line":3,"column":null}},"3":{"start":{"line":1,"column":13},"end":{"line":1,"column":29}}},"fnMap":{"0":{"name":"(anonymous_0)","decl":{"start":{"line":1,"column":29},"end":{"line":1,"column":30}},"loc":{"start":{"line":1,"column":60},"end":{"line":4,"column":1}}}},"branchMap":{"0":{"loc":{"start":{"line":3,"column":10},"end":{"line":3,"column":51}},"type":"binary-expr","locations":[{"start":{"line":3,"column":10},"end":{"line":3,"column":51}},{"start":{"line":3,"column":55},"end":{"line":3,"column":56}}]},"1":{"loc":{"start":{"line":3,"column":43},"end":{"line":3,"column":45}},"type":"cond-expr","locations":[{"start":{"line":3,"column":43},"end":{"line":3,"column":45}},{"start":{"line":3,"column":43},"end":{"line":3,"column":51}}]},"2":{"loc":{"start":{"line":3,"column":10},"end":{"line":3,"column":45}},"type":"binary-expr","locations":[{"start":{"line":3,"column":10},"end":{"line":3,"column":45}},{"start":{"line":3,"column":43},"end":{"line":3,"column":45}}]},"3":{"loc":{"start":{"line":3,"column":33},"end":{"line":3,"column":35}},"type":"cond-expr","locations":[{"start":{"line":3,"column":33},"end":{"line":3,"column":35}},{"start":{"line":3,"column":33},"end":{"line":3,"column":43}}]},"4":{"loc":{"start":{"line":3,"column":10},"end":{"line":3,"column":35}},"type":"binary-expr","locations":[{"start":{"line":3,"column":10},"end":{"line":3,"column":35}},{"start":{"line":3,"column":33},"end":{"line":3,"column":35}}]},"5":{"loc":{"start":{"line":3,"column":28},"end":{"line":3,"column":31}},"type":"cond-expr","locations":[{"start":{"line":3,"column":28},"end":{"line":3,"column":31}},{"start":{"line":3,"column":28},"end":{"line":3,"column":33}}]},"6":{"loc":{"start":{"line":3,"column":10},"end":{"line":3,"column":31}},"type":"binary-expr","locations":[{"start":{"line":3,"column":10},"end":{"line":3,"column":31}},{"start":{"line":3,"column":28},"end":{"line":3,"column":31}}]},"7":{"loc":{"start":{"line":3,"column":23},"end":{"line":3,"column":26}},"type":"cond-expr","locations":[{"start":{"line":3,"column":23},"end":{"line":3,"column":26}},{"start":{"line":3,"column":10},"end":{"line":3,"column":28}}]},"8":{"loc":{"start":{"line":3,"column":10},"end":{"line":3,"column":26}},"type":"binary-expr","locations":[{"start":{"line":3,"column":10},"end":{"line":3,"column":26}},{"start":{"line":3,"column":10},"end":{"line":3,"column":26}}]}},"s":{"0":0,"1":0,"2":0,"3":0},"f":{"0":0},"b":{"0":[0,0],"1":[0,0],"2":[0,0],"3":[0,0],"4":[0,0],"5":[0,0],"6":[0,0],"7":[0,0],"8":[0,0]}}
,"/Users/srb/projects/phone-to-roam-client/src/entries/phone-to-roam.ts": {"path":"/Users/srb/projects/phone-to-roam-client/src/entries/phone-to-roam.ts","statementMap":{"0":{"start":{"line":1,"column":0},"end":{"line":1,"column":53}},"1":{"start":{"line":2,"column":0},"end":{"line":2,"column":59}},"2":{"start":{"line":3,"column":0},"end":{"line":3,"column":33}},"3":{"start":{"line":5,"column":0},"end":{"line":5,"column":null}},"4":{"start":{"line":6,"column":0},"end":{"line":6,"column":null}},"5":{"start":{"line":6,"column":14},"end":{"line":6,"column":62}},"6":{"start":{"line":8,"column":0},"end":{"line":8,"column":null}},"7":{"start":{"line":10,"column":16},"end":{"line":10,"column":35}},"8":{"start":{"line":12,"column":0},"end":{"line":12,"column":null}},"9":{"start":{"line":14,"column":0},"end":{"line":18,"column":null}},"10":{"start":{"line":15,"column":2},"end":{"line":17,"column":null}},"11":{"start":{"line":16,"column":4},"end":{"line":16,"column":null}},"12":{"start":{"line":20,"column":0},"end":{"line":20,"column":null}},"13":{"start":{"line":20,"column":25},"end":{"line":20,"column":44}}},"fnMap":{"0":{"name":"(anonymous_1)","decl":{"start":{"line":14,"column":35},"end":{"line":14,"column":36}},"loc":{"start":{"line":14,"column":46},"end":{"line":18,"column":1}}},"1":{"name":"(anonymous_2)","decl":{"start":{"line":20,"column":19},"end":{"line":20,"column":22}},"loc":{"start":{"line":20,"column":25},"end":{"line":20,"column":44}}}},"branchMap":{"0":{"loc":{"start":{"line":6,"column":0},"end":{"line":6,"column":null}},"type":"if","locations":[{"start":{"line":6,"column":0},"end":{"line":6,"column":null}},{"start":{"line":6,"column":0},"end":{"line":6,"column":null}}]},"1":{"loc":{"start":{"line":15,"column":2},"end":{"line":17,"column":null}},"type":"if","locations":[{"start":{"line":15,"column":2},"end":{"line":17,"column":null}},{"start":{"line":15,"column":2},"end":{"line":17,"column":null}}]}},"s":{"0":0,"1":0,"2":0,"3":0,"4":0,"5":0,"6":0,"7":0,"8":0,"9":0,"10":0,"11":0,"12":0,"13":0},"f":{"0":0,"1":0},"b":{"0":[0,0],"1":[0,0]}}
}
