TN:
SF:src/configure.ts
FN:7,(anonymous_0)
FN:13,(anonymous_1)
FN:23,(anonymous_2)
FNF:3
FNH:0
FNDA:0,(anonymous_0)
FNDA:0,(anonymous_1)
FNDA:0,(anonymous_2)
DA:1,0
DA:2,0
DA:3,0
DA:4,0
DA:7,0
DA:13,0
DA:14,0
DA:16,0
DA:17,0
DA:20,0
DA:23,0
DA:24,0
LF:12
LH:0
BRDA:16,0,0,0
BRDA:16,0,1,0
BRDA:20,1,0,0
BRDA:20,1,1,0
BRDA:20,2,0,0
BRDA:20,2,1,0
BRDA:20,2,2,0
BRF:7
BRH:0
end_of_record
TN:
SF:src/constants.ts
FNF:0
FNH:0
DA:2,1
DA:4,1
DA:5,1
DA:6,1
DA:7,1
DA:8,1
DA:9,1
LF:7
LH:7
BRF:0
BRH:0
end_of_record
TN:
SF:src/entry-helpers.ts
FNF:0
FNH:0
DA:1,0
DA:2,0
DA:3,0
DA:5,0
LF:4
LH:0
BRF:0
BRH:0
end_of_record
TN:
SF:src/fetch-notes.ts
FN:13,(anonymous_1)
FN:14,(anonymous_2)
FN:29,(anonymous_3)
FNF:3
FNH:0
FNDA:0,(anonymous_1)
FNDA:0,(anonymous_2)
FNDA:0,(anonymous_3)
DA:1,0
DA:2,0
DA:3,0
DA:4,0
DA:5,0
DA:6,0
DA:7,0
DA:8,0
DA:9,0
DA:11,0
DA:13,0
DA:14,0
DA:15,0
DA:17,0
DA:18,0
DA:19,0
DA:20,0
DA:21,0
DA:23,0
DA:24,0
DA:25,0
DA:26,0
DA:30,0
DA:31,0
LF:24
LH:0
BRDA:11,0,0,0
BRDA:11,0,1,0
BRDA:11,1,0,0
BRDA:11,1,1,0
BRF:4
BRH:0
end_of_record
TN:
SF:src/find-or-create-parent-uid.ts
FN:3,(anonymous_0)
FN:6,(anonymous_1)
FN:16,(anonymous_2)
FNF:3
FNH:3
FNDA:4,(anonymous_0)
FNDA:9,(anonymous_1)
FNDA:1,(anonymous_2)
DA:1,1
DA:3,1
DA:4,4
DA:5,4
DA:6,9
DA:9,4
DA:12,4
DA:15,2
DA:16,2
DA:19,2
DA:22,1
DA:23,1
DA:26,1
DA:27,1
LF:14
LH:14
BRDA:9,0,0,1
BRDA:9,0,1,3
BRDA:12,1,0,2
BRDA:12,1,1,2
BRDA:12,2,0,4
BRDA:12,2,1,2
BRDA:12,2,2,2
BRDA:15,3,0,2
BRDA:15,3,1,1
BRDA:19,4,0,1
BRDA:19,4,1,1
BRF:11
BRH:11
end_of_record
TN:
SF:src/node-maker.ts
FN:4,(anonymous_0)
FN:18,(anonymous_1)
FNF:2
FNH:2
FNDA:5,(anonymous_0)
FNDA:4,(anonymous_1)
DA:2,1
DA:4,1
DA:5,5
DA:7,5
DA:8,5
DA:10,5
DA:11,1
DA:12,1
DA:18,1
DA:19,4
DA:20,4
DA:21,2
DA:28,4
DA:29,1
DA:30,3
DA:31,1
DA:32,1
DA:35,5
DA:36,5
DA:37,5
DA:40,5
DA:41,1
DA:42,4
DA:43,0
DA:44,4
DA:45,0
DA:48,5
LF:27
LH:25
BRDA:7,0,0,0
BRDA:7,0,1,5
BRDA:7,1,0,5
BRDA:7,1,1,5
BRDA:10,2,0,1
BRDA:10,2,1,4
BRDA:10,3,0,2
BRDA:10,3,1,3
BRDA:10,4,0,5
BRDA:10,4,1,5
BRDA:11,5,0,1
BRDA:11,5,1,0
BRDA:11,6,0,1
BRDA:11,6,1,1
BRDA:20,7,0,2
BRDA:20,7,1,2
BRDA:20,8,0,2
BRDA:20,8,1,2
BRDA:20,9,0,4
BRDA:20,9,1,4
BRDA:28,10,0,1
BRDA:28,10,1,3
BRDA:28,11,0,2
BRDA:28,11,1,2
BRDA:28,12,0,4
BRDA:28,12,1,4
BRDA:30,13,0,1
BRDA:30,13,1,2
BRDA:30,14,0,2
BRDA:30,14,1,1
BRDA:30,15,0,3
BRDA:30,15,1,3
BRDA:31,16,0,0
BRDA:31,16,1,1
BRDA:31,17,0,0
BRDA:31,17,1,1
BRDA:31,18,0,1
BRDA:31,18,1,1
BRDA:31,19,0,0
BRDA:31,19,1,1
BRDA:31,20,0,1
BRDA:31,20,1,1
BRDA:36,21,0,5
BRDA:36,21,1,0
BRDA:36,22,0,5
BRDA:36,22,1,5
BRDA:36,22,2,5
BRDA:40,23,0,1
BRDA:40,23,1,4
BRDA:40,24,0,0
BRDA:40,24,1,5
BRDA:40,25,0,5
BRDA:40,25,1,5
BRDA:42,26,0,0
BRDA:42,26,1,4
BRDA:42,27,0,0
BRDA:42,27,1,4
BRDA:42,28,0,4
BRDA:42,28,1,4
BRDA:44,29,0,0
BRDA:44,29,1,4
BRDA:44,30,0,0
BRDA:44,30,1,4
BRDA:44,31,0,4
BRDA:44,31,1,4
BRF:65
BRH:54
end_of_record
TN:
SF:src/react-app-env.d.ts
FNF:0
FNH:0
LF:0
LH:0
BRF:0
BRH:0
end_of_record
TN:
SF:src/reduce-messages.ts
FN:3,(anonymous_0)
FNF:1
FNH:1
FNDA:3,(anonymous_0)
DA:1,1
DA:3,1
DA:4,3
DA:5,3
DA:7,3
DA:8,3
DA:9,3
LF:7
LH:7
BRDA:7,0,0,2
BRDA:7,0,1,1
BRF:2
BRH:2
end_of_record
TN:
SF:src/starting-order.ts
FN:1,(anonymous_0)
FNF:1
FNH:0
FNDA:0,(anonymous_0)
DA:1,0
DA:2,0
DA:3,0
LF:3
LH:0
BRDA:3,0,0,0
BRDA:3,0,1,0
BRDA:3,1,0,0
BRDA:3,1,1,0
BRDA:3,2,0,0
BRDA:3,2,1,0
BRDA:3,3,0,0
BRDA:3,3,1,0
BRDA:3,4,0,0
BRDA:3,4,1,0
BRDA:3,5,0,0
BRDA:3,5,1,0
BRDA:3,6,0,0
BRDA:3,6,1,0
BRDA:3,7,0,0
BRDA:3,7,1,0
BRDA:3,8,0,0
BRDA:3,8,1,0
BRF:18
BRH:0
end_of_record
TN:
SF:src/entries/phone-to-roam.ts
FN:14,(anonymous_1)
FN:20,(anonymous_2)
FNF:2
FNH:0
FNDA:0,(anonymous_1)
FNDA:0,(anonymous_2)
DA:1,0
DA:2,0
DA:3,0
DA:5,0
DA:6,0
DA:8,0
DA:10,0
DA:12,0
DA:14,0
DA:15,0
DA:16,0
DA:20,0
LF:12
LH:0
BRDA:6,0,0,0
BRDA:6,0,1,0
BRDA:15,1,0,0
BRDA:15,1,1,0
BRF:4
BRH:0
end_of_record
